<?xml version="1.0" encoding="UTF-8"?>
<!-- Generated by org.testng.reporters.JUnitReportReporter -->
<testsuite hostname="LAPTOP-4NVF0J5C" failures="0" tests="6" name="testClasses.HeaderTest" time="-1645124480.000" errors="1" timestamp="2022-02-18T00:32:29 IST" skipped="5">
  <testcase classname="testClasses.HeaderTest" name="TitleTaskPage" time="0.000">
    <skipped/>
  </testcase> <!-- TitleTaskPage -->
  <system-out/>
  <testcase classname="testClasses.HeaderTest" name="VerifyTimeTrackPage" time="0.000">
    <skipped/>
  </testcase> <!-- VerifyTimeTrackPage -->
  <system-out/>
  <testcase classname="testClasses.HeaderTest" name="launchBrowser" time="-1645124480.000">
    <error message="
Parameter &#039;browser&#039; is required by BeforeTest on method launchBrowser but has not been marked @Optional or defined
in C:\Users\hp\AppData\Local\Temp\testng-eclipse-127958655\testng-customsuite.xml" type="org.testng.TestNGException">
      <![CDATA[org.testng.TestNGException: 
Parameter 'browser' is required by BeforeTest on method launchBrowser but has not been marked @Optional or defined
in C:\Users\hp\AppData\Local\Temp\testng-eclipse-127958655\testng-customsuite.xml
at org.testng.internal.Parameters.createParams(Parameters.java:270)
at org.testng.internal.Parameters.createParametersForMethod(Parameters.java:358)
at org.testng.internal.Parameters.createParameters(Parameters.java:700)
at org.testng.internal.Parameters.createConfigurationParameters(Parameters.java:168)
at org.testng.internal.ConfigInvoker.invokeConfigurations(ConfigInvoker.java:302)
at org.testng.TestRunner.invokeTestConfigurations(TestRunner.java:637)
at org.testng.TestRunner.beforeRun(TestRunner.java:627)
at org.testng.TestRunner.run(TestRunner.java:589)
at org.testng.SuiteRunner.runTest(SuiteRunner.java:377)
at org.testng.SuiteRunner.runSequentially(SuiteRunner.java:371)
at org.testng.SuiteRunner.privateRun(SuiteRunner.java:332)
at org.testng.SuiteRunner.run(SuiteRunner.java:276)
at org.testng.SuiteRunnerWorker.runSuite(SuiteRunnerWorker.java:53)
at org.testng.SuiteRunnerWorker.run(SuiteRunnerWorker.java:96)
at org.testng.TestNG.runSuitesSequentially(TestNG.java:1212)
at org.testng.TestNG.runSuitesLocally(TestNG.java:1134)
at org.testng.TestNG.runSuites(TestNG.java:1063)
at org.testng.TestNG.run(TestNG.java:1031)
at org.testng.remote.AbstractRemoteTestNG.run(AbstractRemoteTestNG.java:115)
at org.testng.remote.RemoteTestNG.initAndRun(RemoteTestNG.java:251)
at org.testng.remote.RemoteTestNG.main(RemoteTestNG.java:77)
]]>
    </error>
  </testcase> <!-- launchBrowser -->
  <system-out/>
  <testcase classname="testClasses.HeaderTest" name="URLTaskButten" time="0.000">
    <skipped/>
  </testcase> <!-- URLTaskButten -->
  <system-out/>
  <testcase classname="testClasses.HeaderTest" name="verifyUrlUsagerPage" time="0.000">
    <skipped/>
  </testcase> <!-- verifyUrlUsagerPage -->
  <system-out/>
  <testcase classname="testClasses.HeaderTest" name="Timeout" time="0.000">
    <skipped/>
  </testcase> <!-- Timeout -->
  <system-out/>
</testsuite> <!-- testClasses.HeaderTest -->
