<?xml version="1.0" encoding="UTF-8"?>
<!-- Generated by org.testng.reporters.JUnitXMLReporter -->
<testsuite ignored="0" hostname="LAPTOP-4NVF0J5C" failures="0" tests="5" name="Default test" time="0.128" errors="0" timestamp="2022-02-18T00:32:29 IST">
  <testcase classname="testClasses.HeaderTest" name="@BeforeTest launchBrowser" time="-1.645124549589E9">
    <failure type="org.testng.TestNGException" message="
Parameter &amp;apos;browser&amp;apos; is required by BeforeTest on method launchBrowser but has not been marked @Optional or defined
in C:\Users\hp\AppData\Local\Temp\testng-eclipse-127958655\testng-customsuite.xml">
      <![CDATA[org.testng.TestNGException: 
Parameter 'browser' is required by BeforeTest on method launchBrowser but has not been marked @Optional or defined
in C:\Users\hp\AppData\Local\Temp\testng-eclipse-127958655\testng-customsuite.xml
at org.testng.internal.Parameters.createParams(Parameters.java:270)
at org.testng.internal.Parameters.createParametersForMethod(Parameters.java:358)
at org.testng.internal.Parameters.createParameters(Parameters.java:700)
at org.testng.internal.Parameters.createConfigurationParameters(Parameters.java:168)
at org.testng.internal.ConfigInvoker.invokeConfigurations(ConfigInvoker.java:302)
at org.testng.TestRunner.invokeTestConfigurations(TestRunner.java:637)
at org.testng.TestRunner.beforeRun(TestRunner.java:627)
at org.testng.TestRunner.run(TestRunner.java:589)
at org.testng.SuiteRunner.runTest(SuiteRunner.java:377)
at org.testng.SuiteRunner.runSequentially(SuiteRunner.java:371)
at org.testng.SuiteRunner.privateRun(SuiteRunner.java:332)
at org.testng.SuiteRunner.run(SuiteRunner.java:276)
at org.testng.SuiteRunnerWorker.runSuite(SuiteRunnerWorker.java:53)
at org.testng.SuiteRunnerWorker.run(SuiteRunnerWorker.java:96)
at org.testng.TestNG.runSuitesSequentially(TestNG.java:1212)
at org.testng.TestNG.runSuitesLocally(TestNG.java:1134)
at org.testng.TestNG.runSuites(TestNG.java:1063)
at org.testng.TestNG.run(TestNG.java:1031)
at org.testng.remote.AbstractRemoteTestNG.run(AbstractRemoteTestNG.java:115)
at org.testng.remote.RemoteTestNG.initAndRun(RemoteTestNG.java:251)
at org.testng.remote.RemoteTestNG.main(RemoteTestNG.java:77)
]]>
    </failure>
  </testcase> <!-- @BeforeTest launchBrowser -->
  <testcase classname="testClasses.HeaderTest" name="@BeforeClass CreatePOMobject" time="-1.645124549637E9">
    <skipped/>
  </testcase> <!-- @BeforeClass CreatePOMobject -->
  <testcase classname="testClasses.HeaderTest" name="@BeforeMethod LoginToApplication" time="-1.645124549661E9">
    <skipped/>
  </testcase> <!-- @BeforeMethod LoginToApplication -->
  <testcase classname="testClasses.HeaderTest" name="@AfterMethod LogoutApplication" time="-1.645124549672E9">
    <skipped/>
  </testcase> <!-- @AfterMethod LogoutApplication -->
  <testcase classname="testClasses.HeaderTest" name="@BeforeMethod LoginToApplication" time="-1.645124549676E9">
    <skipped/>
  </testcase> <!-- @BeforeMethod LoginToApplication -->
  <testcase classname="testClasses.HeaderTest" name="@AfterMethod LogoutApplication" time="-1.645124549689E9">
    <skipped/>
  </testcase> <!-- @AfterMethod LogoutApplication -->
  <testcase classname="testClasses.HeaderTest" name="@BeforeMethod LoginToApplication" time="-1.64512454969E9">
    <skipped/>
  </testcase> <!-- @BeforeMethod LoginToApplication -->
  <testcase classname="testClasses.HeaderTest" name="@AfterMethod LogoutApplication" time="-1.645124549694E9">
    <skipped/>
  </testcase> <!-- @AfterMethod LogoutApplication -->
  <testcase classname="testClasses.HeaderTest" name="@BeforeMethod LoginToApplication" time="-1.645124549695E9">
    <skipped/>
  </testcase> <!-- @BeforeMethod LoginToApplication -->
  <testcase classname="testClasses.HeaderTest" name="@AfterMethod LogoutApplication" time="-1.645124549698E9">
    <skipped/>
  </testcase> <!-- @AfterMethod LogoutApplication -->
  <testcase classname="testClasses.HeaderTest" name="@BeforeMethod LoginToApplication" time="-1.645124549699E9">
    <skipped/>
  </testcase> <!-- @BeforeMethod LoginToApplication -->
  <testcase classname="testClasses.HeaderTest" name="@AfterMethod LogoutApplication" time="-1.645124549703E9">
    <skipped/>
  </testcase> <!-- @AfterMethod LogoutApplication -->
  <testcase classname="testClasses.HeaderTest" name="@AfterClass ClearPOMobjects" time="-1.645124549705E9">
    <skipped/>
  </testcase> <!-- @AfterClass ClearPOMobjects -->
  <testcase classname="testClasses.HeaderTest" name="@AfterTest QuiteApp" time="-1.645124549706E9">
    <skipped/>
  </testcase> <!-- @AfterTest QuiteApp -->
  <testcase classname="testClasses.HeaderTest" name="TitleTaskPage" time="0.0">
    <skipped/>
  </testcase> <!-- TitleTaskPage -->
  <testcase classname="testClasses.HeaderTest" name="URLTaskButten" time="0.0">
    <skipped/>
  </testcase> <!-- URLTaskButten -->
  <testcase classname="testClasses.HeaderTest" name="VerifyTimeTrackPage" time="0.0">
    <skipped/>
  </testcase> <!-- VerifyTimeTrackPage -->
  <testcase classname="testClasses.HeaderTest" name="verifyUrlUsagerPage" time="0.0">
    <skipped/>
  </testcase> <!-- verifyUrlUsagerPage -->
  <testcase classname="testClasses.HeaderTest" name="Timeout" time="0.0">
    <skipped/>
  </testcase> <!-- Timeout -->
</testsuite> <!-- Default test -->
